<?xml version="1.0" encoding="UTF-8"?>
<!-- Generated by org.testng.reporters.JUnitReportReporter -->
<testsuite skipped="0" hostname="DESKTOP-ACQBDU5" name="com.training.sanity.tests.Multipleinputs" tests="5" failures="0" timestamp="09 Mar 2020 11:08:28 GMT" time="114.887" errors="0">
  <testcase name="validLoginTest" time="23.812" classname="com.training.sanity.tests.Multipleinputs"/>
  <testcase name="validLoginTest" time="21.611" classname="com.training.sanity.tests.Multipleinputs"/>
  <testcase name="validLoginTest" time="22.705" classname="com.training.sanity.tests.Multipleinputs"/>
  <testcase name="validLoginTest" time="24.675" classname="com.training.sanity.tests.Multipleinputs"/>
  <testcase name="validLoginTest" time="22.084" classname="com.training.sanity.tests.Multipleinputs"/>
</testsuite> <!-- com.training.sanity.tests.Multipleinputs -->
