<?xml version="1.0" encoding="UTF-8"?>
<!-- Generated by org.testng.reporters.JUnitReportReporter -->
<testsuite skipped="0" hostname="DESKTOP-ACQBDU5" name="com.training.sanity.tests.Multipleinputs" tests="5" failures="0" timestamp="09 Mar 2020 10:27:22 GMT" time="106.539" errors="0">
  <testcase name="validLoginTest" time="21.247" classname="com.training.sanity.tests.Multipleinputs"/>
  <testcase name="validLoginTest" time="20.205" classname="com.training.sanity.tests.Multipleinputs"/>
  <testcase name="validLoginTest" time="21.249" classname="com.training.sanity.tests.Multipleinputs"/>
  <testcase name="validLoginTest" time="22.698" classname="com.training.sanity.tests.Multipleinputs"/>
  <testcase name="validLoginTest" time="21.140" classname="com.training.sanity.tests.Multipleinputs"/>
</testsuite> <!-- com.training.sanity.tests.Multipleinputs -->
