<?xml version="1.0" encoding="UTF-8"?>
<!-- Generated by org.testng.reporters.JUnitReportReporter -->
<testsuite skipped="0" hostname="DESKTOP-ACQBDU5" name="com.training.sanity.tests.Register" tests="1" failures="0" timestamp="05 Mar 2020 04:34:53 GMT" time="29.954" errors="0">
  <testcase name="validRegisterTest" time="29.954" classname="com.training.sanity.tests.Register"/>
</testsuite> <!-- com.training.sanity.tests.Register -->
