<?xml version="1.0" encoding="UTF-8"?>
<!-- Generated by org.testng.reporters.JUnitReportReporter -->
<testsuite skipped="0" hostname="DESKTOP-ACQBDU5" name="com.training.sanity.tests.RecoverPassword" tests="1" failures="0" timestamp="05 Mar 2020 05:49:51 GMT" time="22.626" errors="0">
  <testcase name="validLoginTest" time="22.626" classname="com.training.sanity.tests.RecoverPassword"/>
</testsuite> <!-- com.training.sanity.tests.RecoverPassword -->
