<?xml version="1.0" encoding="UTF-8"?>
<!-- Generated by org.testng.reporters.JUnitReportReporter -->
<testsuite skipped="0" hostname="DESKTOP-ACQBDU5" name="com.training.sanity.tests.PreloginVerification" tests="1" failures="0" timestamp="11 Mar 2020 14:15:37 GMT" time="36.948" errors="0">
  <testcase name="validLoginTest" time="36.948" classname="com.training.sanity.tests.PreloginVerification"/>
</testsuite> <!-- com.training.sanity.tests.PreloginVerification -->
