<?xml version="1.0" encoding="UTF-8"?>
<!-- Generated by org.testng.reporters.JUnitReportReporter -->
<testsuite skipped="0" hostname="DESKTOP-ACQBDU5" name="com.training.sanity.tests.CheckOutverification" tests="1" failures="0" timestamp="10 Mar 2020 13:02:44 GMT" time="48.536" errors="0">
  <testcase name="validLoginTest" time="48.536" classname="com.training.sanity.tests.CheckOutverification"/>
</testsuite> <!-- com.training.sanity.tests.CheckOutverification -->
