<?xml version="1.0" encoding="UTF-8"?>
<!-- Generated by org.testng.reporters.JUnitReportReporter -->
<testsuite skipped="0" hostname="DESKTOP-ACQBDU5" name="com.training.sanity.tests.LoginTests" tests="1" failures="0" timestamp="04 Mar 2020 17:46:18 GMT" time="23.788" errors="0">
  <testcase name="validLoginTest" time="23.788" classname="com.training.sanity.tests.LoginTests"/>
</testsuite> <!-- com.training.sanity.tests.LoginTests -->
