<?xml version="1.0" encoding="UTF-8"?>
<!-- Generated by org.testng.reporters.JUnitReportReporter -->
<testsuite skipped="0" hostname="DESKTOP-ACQBDU5" name="com.training.sanity.tests.MultipleInvalidUserCredentials" tests="5" failures="0" timestamp="18 Mar 2020 09:28:39 GMT" time="165.059" errors="0">
  <testcase name="MultipleInvalidUserCredentials" time="28.053" classname="com.training.sanity.tests.MultipleInvalidUserCredentials"/>
  <testcase name="MultipleInvalidUserCredentials" time="52.977" classname="com.training.sanity.tests.MultipleInvalidUserCredentials"/>
  <testcase name="MultipleInvalidUserCredentials" time="28.713" classname="com.training.sanity.tests.MultipleInvalidUserCredentials"/>
  <testcase name="MultipleInvalidUserCredentials" time="28.036" classname="com.training.sanity.tests.MultipleInvalidUserCredentials"/>
  <testcase name="MultipleInvalidUserCredentials" time="27.280" classname="com.training.sanity.tests.MultipleInvalidUserCredentials"/>
</testsuite> <!-- com.training.sanity.tests.MultipleInvalidUserCredentials -->
