<?xml version="1.0" encoding="UTF-8"?>
<!-- Generated by org.testng.reporters.JUnitReportReporter -->
<testsuite skipped="0" hostname="DESKTOP-ACQBDU5" name="com.training.sanity.tests.MultipleuserRegister" tests="5" failures="0" timestamp="18 Mar 2020 06:44:40 GMT" time="124.417" errors="0">
  <testcase name="MultipleuserRegister" time="26.218" classname="com.training.sanity.tests.MultipleuserRegister"/>
  <testcase name="MultipleuserRegister" time="23.862" classname="com.training.sanity.tests.MultipleuserRegister"/>
  <testcase name="MultipleuserRegister" time="25.235" classname="com.training.sanity.tests.MultipleuserRegister"/>
  <testcase name="MultipleuserRegister" time="23.600" classname="com.training.sanity.tests.MultipleuserRegister"/>
  <testcase name="MultipleuserRegister" time="25.502" classname="com.training.sanity.tests.MultipleuserRegister"/>
</testsuite> <!-- com.training.sanity.tests.MultipleuserRegister -->
